BASIC,1988
BASIC,1986
BASIC,1987
BASIC,1995
BASIC,1995
BASIC,1993
BASIC,2003
BASIC,1979
C++,2014
BASIC,1984
BASIC,1984
BASIC
BASIC,1997
Perl,1998
BASIC,1982
C
Rust,2024
BASIC,1995
BASIC,1979
C,2004
BASIC,1989
BASIC,1993
C,2013
C#,2018
Java,2006
C++,1996
Logo,1990
FORTRAN,1965
GML,2002
JS,2003
BASIC,1986
C++,2015
BASIC,1988
Pascal,2011
BASIC,1986
BASIC,1983
BASIC,1994
Python,2004
BASIC,1981
ASM,1981
Java,2002
JS,2023
BASIC,1992
FORTRAN,2011
JS,2007
Java,2021
C,2008
C++,2020
Scratch,2013
Python,2020
BASIC,1984
Pascal,2003
Python,2020
JS
BASIC,2016
Pascal
C
TorqueScript,2007
BASIC,1994
Pascal
BASIC,1988
UnrealScript,1998
C,2020
C#,2016
Python,2015
Ruby,2008
Java,2010
C,2022
BASIC,1976
PHP,2015
BASIC,2003
C,1994
BASIC,1996
Perl,1996
JS,2018
Delphi,2000
C,1981
Euphoria,2000
ASM,1978
ActionScript,2005
COBOL,1993
Pascal,1993
C,1993
Java,2015
Java,2014
BASIC,1981
BASIC,1986
BASIC,1993
Arduino,2017
Pascal,2016
BASIC,1977
MATLAB,2020
PHP,2007
C++,2002
BASIC,2002
Logo,1991
DOS Batch,1996
Python,2015
FORTRAN,1972
Java,2010
Scratch,2009
C++,2018
Delphi,2022
Python,2019
C#,2018
C,1988
PHP,2002
PHP,2005
C,1988
C,2022
Python,2014
Bash,2011
Python,2005
BASIC
ASM
BASIC,1982
ASM,1978
Python,2020
C,2016
R,2015
C++
C++,2009
BASIC,1982
C#,2013
Python,2009
BASIC,1982
Fusion,2005
Java,2009
BASIC,1992
Scratch,2012
BASIC,1982
BASIC
BASIC,1986
ASM,1971
BASIC,1994
BASIC,1973
Java,2014
BASIC,1975
C++,2012
